{
  "RSpec": {
    "coverage": {
      "/home/leef/workspace/rails/tryo/tryo_assignment/app/models/user.rb": [
        null,
        1,
        1,
        null
      ],
      "/home/leef/workspace/rails/tryo/tryo_assignment/app/models/application_record.rb": [
        1,
        1,
        null
      ],
      "/home/leef/workspace/rails/tryo/tryo_assignment/app/controllers/users_controller.rb": [
        null,
        1,
        null,
        1,
        1,
        null,
        null,
        1,
        10,
        null,
        null
      ],
      "/home/leef/workspace/rails/tryo/tryo_assignment/app/controllers/application_controller.rb": [
        null,
        1,
        1,
        11,
        null,
        null,
        1,
        11,
        null,
        null
      ],
      "/home/leef/workspace/rails/tryo/tryo_assignment/app/interactors/get_all_users.rb": [
        null,
        1,
        1,
        null,
        1,
        11,
        null,
        null
      ],
      "/home/leef/workspace/rails/tryo/tryo_assignment/app/models/skill.rb": [
        null,
        1,
        1,
        1,
        null
      ],
      "/home/leef/workspace/rails/tryo/tryo_assignment/app/serializers/user_serializer.rb": [
        null,
        1,
        1,
        1,
        null
      ],
      "/home/leef/workspace/rails/tryo/tryo_assignment/app/interactors/find_user.rb": [
        null,
        1,
        1,
        null,
        1,
        10,
        null,
        null,
        1,
        10,
        null,
        null
      ]
    },
    "timestamp": 1496896166
  }
}
